<?xml version="1.0" encoding="UTF-8"?>
<testsuite name="com.example.test.MatrixMathematicsTest" tests="4" skipped="0" failures="0" errors="0" timestamp="2019-01-13T20:44:25" hostname="user-PC" time="0.326">
  <properties/>
  <testcase name="testDeterminant" classname="com.example.test.MatrixMathematicsTest" time="0.242"/>
  <testcase name="testCofactor" classname="com.example.test.MatrixMathematicsTest" time="0.068"/>
  <testcase name="testNoSquareException" classname="com.example.test.MatrixMathematicsTest" time="0.001"/>
  <testcase name="testCreateSubMatrix" classname="com.example.test.MatrixMathematicsTest" time="0.007"/>
  <system-out><![CDATA[]]></system-out>
  <system-err><![CDATA[]]></system-err>
</testsuite>
